Mon Jan 22 2018 17:54:10 GMT+0100 (ora solare Europa occidentale): GET /aboutMon Jan 22 2018 17:55:17 GMT+0100 (ora solare Europa occidentale): GET /about
Mon Jan 22 2018 17:55:19 GMT+0100 (ora solare Europa occidentale): GET /
Mon Jan 22 2018 17:55:19 GMT+0100 (ora solare Europa occidentale): GET /about
Mon Jan 22 2018 17:55:20 GMT+0100 (ora solare Europa occidentale): GET /
Mon Jan 22 2018 17:55:21 GMT+0100 (ora solare Europa occidentale): GET /about
Mon Jan 22 2018 17:55:28 GMT+0100 (ora solare Europa occidentale): GET /about
Mon Jan 22 2018 17:55:28 GMT+0100 (ora solare Europa occidentale): GET /about
Mon Jan 22 2018 17:55:29 GMT+0100 (ora solare Europa occidentale): GET /
Mon Jan 22 2018 17:55:30 GMT+0100 (ora solare Europa occidentale): GET /about
Mon Jan 22 2018 17:55:31 GMT+0100 (ora solare Europa occidentale): GET /
Mon Jan 22 2018 17:55:57 GMT+0100 (ora solare Europa occidentale): GET /about
Mon Jan 22 2018 17:56:06 GMT+0100 (ora solare Europa occidentale): GET /aaaaaa
Mon Jan 22 2018 17:59:13 GMT+0100 (ora solare Europa occidentale): GET /
Mon Jan 22 2018 17:59:19 GMT+0100 (ora solare Europa occidentale): GET /about
Mon Jan 22 2018 18:00:46 GMT+0100 (ora solare Europa occidentale): GET /about
Mon Jan 22 2018 18:03:06 GMT+0100 (ora solare Europa occidentale): GET /about
Mon Jan 22 2018 18:03:24 GMT+0100 (ora solare Europa occidentale): GET /help.html
Mon Jan 22 2018 18:03:29 GMT+0100 (ora solare Europa occidentale): GET /help.html
Mon Jan 22 2018 18:03:32 GMT+0100 (ora solare Europa occidentale): GET /
Mon Jan 22 2018 18:03:34 GMT+0100 (ora solare Europa occidentale): GET /about
Mon Jan 22 2018 18:03:34 GMT+0100 (ora solare Europa occidentale): GET /
